2026-04-17 04:05:44,144 - __main__ - INFO - Bot started successfully!
2026-04-17 04:05:44,764 - httpx - INFO - HTTP Request: POST https://api.telegram.org/bot8776444908:AAFgY8ckqIkGpRKKYRxgnlrcysthlv9OXTM/getMe "HTTP/1.1 200 OK"
2026-04-17 04:05:44,929 - httpx - INFO - HTTP Request: POST https://api.telegram.org/bot8776444908:AAFgY8ckqIkGpRKKYRxgnlrcysthlv9OXTM/deleteWebhook "HTTP/1.1 200 OK"
2026-04-17 04:05:44,931 - telegram.ext.Application - INFO - Application started
2026-04-17 04:05:55,478 - httpx - INFO - HTTP Request: POST https://api.telegram.org/bot8776444908:AAFgY8ckqIkGpRKKYRxgnlrcysthlv9OXTM/getUpdates "HTTP/1.1 200 OK"
2026-04-17 04:06:05,718 - httpx - INFO - HTTP Request: POST https://api.telegram.org/bot8776444908:AAFgY8ckqIkGpRKKYRxgnlrcysthlv9OXTM/getUpdates "HTTP/1.1 200 OK"
2026-04-17 04:06:16,061 - httpx - INFO - HTTP Request: POST https://api.telegram.org/bot8776444908:AAFgY8ckqIkGpRKKYRxgnlrcysthlv9OXTM/getUpdates "HTTP/1.1 200 OK"
2026-04-17 04:06:26,301 - httpx - INFO - HTTP Request: POST https://api.telegram.org/bot8776444908:AAFgY8ckqIkGpRKKYRxgnlrcysthlv9OXTM/getUpdates "HTTP/1.1 200 OK"
2026-04-17 04:06:36,542 - httpx - INFO - HTTP Request: POST https://api.telegram.org/bot8776444908:AAFgY8ckqIkGpRKKYRxgnlrcysthlv9OXTM/getUpdates "HTTP/1.1 200 OK"
2026-04-17 04:06:46,778 - httpx - INFO - HTTP Request: POST https://api.telegram.org/bot8776444908:AAFgY8ckqIkGpRKKYRxgnlrcysthlv9OXTM/getUpdates "HTTP/1.1 200 OK"
2026-04-17 04:06:57,020 - httpx - INFO - HTTP Request: POST https://api.telegram.org/bot8776444908:AAFgY8ckqIkGpRKKYRxgnlrcysthlv9OXTM/getUpdates "HTTP/1.1 200 OK"
2026-04-17 04:07:07,260 - httpx - INFO - HTTP Request: POST https://api.telegram.org/bot8776444908:AAFgY8ckqIkGpRKKYRxgnlrcysthlv9OXTM/getUpdates "HTTP/1.1 200 OK"
2026-04-17 04:07:17,500 - httpx - INFO - HTTP Request: POST https://api.telegram.org/bot8776444908:AAFgY8ckqIkGpRKKYRxgnlrcysthlv9OXTM/getUpdates "HTTP/1.1 200 OK"
2026-04-17 04:07:27,639 - httpx - INFO - HTTP Request: POST https://api.telegram.org/bot8776444908:AAFgY8ckqIkGpRKKYRxgnlrcysthlv9OXTM/getUpdates "HTTP/1.1 200 OK"
2026-04-17 04:07:29,001 - httpx - INFO - HTTP Request: POST https://api.telegram.org/bot8776444908:AAFgY8ckqIkGpRKKYRxgnlrcysthlv9OXTM/getUpdates "HTTP/1.1 200 OK"
2026-04-17 04:07:29,006 - src.handlers.order_handler - INFO - Handling text input: '🧹 Services' from user 5092483247
2026-04-17 04:07:29,480 - httpx - INFO - HTTP Request: POST https://api.telegram.org/bot8776444908:AAFgY8ckqIkGpRKKYRxgnlrcysthlv9OXTM/sendMessage "HTTP/1.1 200 OK"
2026-04-17 04:07:31,584 - httpx - INFO - HTTP Request: POST https://api.telegram.org/bot8776444908:AAFgY8ckqIkGpRKKYRxgnlrcysthlv9OXTM/getUpdates "HTTP/1.1 200 OK"
2026-04-17 04:07:31,590 - src.handlers.order_handler - INFO - Handling text input: '📲 Mini App' from user 5092483247
2026-04-17 04:07:31,835 - httpx - INFO - HTTP Request: POST https://api.telegram.org/bot8776444908:AAFgY8ckqIkGpRKKYRxgnlrcysthlv9OXTM/sendMessage "HTTP/1.1 400 Bad Request"
2026-04-17 04:07:31,837 - __main__ - ERROR - Exception while handling update:
Traceback (most recent call last):
  File "/home/mint/Desktop/tg-app/tg_bot_env/lib/python3.12/site-packages/telegram/ext/_application.py", line 1124, in process_update
    await coroutine
  File "/home/mint/Desktop/tg-app/tg_bot_env/lib/python3.12/site-packages/telegram/ext/_handler.py", line 141, in handle_update
    return await self.callback(update, context)
           ^^^^^^^^^^^^^^^^^^^^^^^^^^^^^^^^^^^^
  File "/home/mint/Desktop/tg-app/src/handlers/order_handler.py", line 429, in handle_text_input
    await handle_mini_app_button(update, context)
  File "/home/mint/Desktop/tg-app/src/handlers/mini_app_handler.py", line 45, in handle_mini_app_button
    await update.message.reply_text(message_text, parse_mode='Markdown', reply_markup=keyboard)
  File "/home/mint/Desktop/tg-app/tg_bot_env/lib/python3.12/site-packages/telegram/_message.py", line 1074, in reply_text
    return await self.get_bot().send_message(
           ^^^^^^^^^^^^^^^^^^^^^^^^^^^^^^^^^^
  File "/home/mint/Desktop/tg-app/tg_bot_env/lib/python3.12/site-packages/telegram/ext/_extbot.py", line 2633, in send_message
    return await super().send_message(
           ^^^^^^^^^^^^^^^^^^^^^^^^^^^
  File "/home/mint/Desktop/tg-app/tg_bot_env/lib/python3.12/site-packages/telegram/_bot.py", line 381, in decorator
    result = await func(self, *args, **kwargs)  # skipcq: PYL-E1102
             ^^^^^^^^^^^^^^^^^^^^^^^^^^^^^^^^^
  File "/home/mint/Desktop/tg-app/tg_bot_env/lib/python3.12/site-packages/telegram/_bot.py", line 807, in send_message
    return await self._send_message(
           ^^^^^^^^^^^^^^^^^^^^^^^^^
  File "/home/mint/Desktop/tg-app/tg_bot_env/lib/python3.12/site-packages/telegram/ext/_extbot.py", line 507, in _send_message
    result = await super()._send_message(
             ^^^^^^^^^^^^^^^^^^^^^^^^^^^^
  File "/home/mint/Desktop/tg-app/tg_bot_env/lib/python3.12/site-packages/telegram/_bot.py", line 559, in _send_message
    result = await self._post(
             ^^^^^^^^^^^^^^^^^
  File "/home/mint/Desktop/tg-app/tg_bot_env/lib/python3.12/site-packages/telegram/_bot.py", line 469, in _post
    return await self._do_post(
           ^^^^^^^^^^^^^^^^^^^^
  File "/home/mint/Desktop/tg-app/tg_bot_env/lib/python3.12/site-packages/telegram/ext/_extbot.py", line 325, in _do_post
    return await super()._do_post(
           ^^^^^^^^^^^^^^^^^^^^^^^
  File "/home/mint/Desktop/tg-app/tg_bot_env/lib/python3.12/site-packages/telegram/_bot.py", line 497, in _do_post
    return await request.post(
           ^^^^^^^^^^^^^^^^^^^
  File "/home/mint/Desktop/tg-app/tg_bot_env/lib/python3.12/site-packages/telegram/request/_baserequest.py", line 168, in post
    result = await self._request_wrapper(
             ^^^^^^^^^^^^^^^^^^^^^^^^^^^^
  File "/home/mint/Desktop/tg-app/tg_bot_env/lib/python3.12/site-packages/telegram/request/_baserequest.py", line 328, in _request_wrapper
    raise BadRequest(message)
telegram.error.BadRequest: Inline keyboard button web app url 'http://localhost:8000/lite?user_id=5092483247' is invalid: only https links are allowed
2026-04-17 04:07:32,002 - httpx - INFO - HTTP Request: POST https://api.telegram.org/bot8776444908:AAFgY8ckqIkGpRKKYRxgnlrcysthlv9OXTM/sendMessage "HTTP/1.1 200 OK"
2026-04-17 04:07:41,766 - httpx - INFO - HTTP Request: POST https://api.telegram.org/bot8776444908:AAFgY8ckqIkGpRKKYRxgnlrcysthlv9OXTM/getUpdates "HTTP/1.1 200 OK"
2026-04-17 04:07:51,933 - httpx - INFO - HTTP Request: POST https://api.telegram.org/bot8776444908:AAFgY8ckqIkGpRKKYRxgnlrcysthlv9OXTM/getUpdates "HTTP/1.1 200 OK"
2026-04-17 04:08:02,146 - httpx - INFO - HTTP Request: POST https://api.telegram.org/bot8776444908:AAFgY8ckqIkGpRKKYRxgnlrcysthlv9OXTM/getUpdates "HTTP/1.1 200 OK"
2026-04-17 04:08:12,387 - httpx - INFO - HTTP Request: POST https://api.telegram.org/bot8776444908:AAFgY8ckqIkGpRKKYRxgnlrcysthlv9OXTM/getUpdates "HTTP/1.1 200 OK"
2026-04-17 04:08:22,522 - httpx - INFO - HTTP Request: POST https://api.telegram.org/bot8776444908:AAFgY8ckqIkGpRKKYRxgnlrcysthlv9OXTM/getUpdates "HTTP/1.1 200 OK"
2026-04-17 04:08:32,650 - httpx - INFO - HTTP Request: POST https://api.telegram.org/bot8776444908:AAFgY8ckqIkGpRKKYRxgnlrcysthlv9OXTM/getUpdates "HTTP/1.1 200 OK"
2026-04-17 04:08:42,797 - httpx - INFO - HTTP Request: POST https://api.telegram.org/bot8776444908:AAFgY8ckqIkGpRKKYRxgnlrcysthlv9OXTM/getUpdates "HTTP/1.1 200 OK"
2026-04-17 04:08:52,935 - httpx - INFO - HTTP Request: POST https://api.telegram.org/bot8776444908:AAFgY8ckqIkGpRKKYRxgnlrcysthlv9OXTM/getUpdates "HTTP/1.1 200 OK"
2026-04-17 04:09:03,064 - httpx - INFO - HTTP Request: POST https://api.telegram.org/bot8776444908:AAFgY8ckqIkGpRKKYRxgnlrcysthlv9OXTM/getUpdates "HTTP/1.1 200 OK"
2026-04-17 04:09:13,210 - httpx - INFO - HTTP Request: POST https://api.telegram.org/bot8776444908:AAFgY8ckqIkGpRKKYRxgnlrcysthlv9OXTM/getUpdates "HTTP/1.1 200 OK"
2026-04-17 04:09:23,615 - httpx - INFO - HTTP Request: POST https://api.telegram.org/bot8776444908:AAFgY8ckqIkGpRKKYRxgnlrcysthlv9OXTM/getUpdates "HTTP/1.1 200 OK"
2026-04-17 04:09:33,793 - httpx - INFO - HTTP Request: POST https://api.telegram.org/bot8776444908:AAFgY8ckqIkGpRKKYRxgnlrcysthlv9OXTM/getUpdates "HTTP/1.1 200 OK"
2026-04-17 04:09:43,931 - httpx - INFO - HTTP Request: POST https://api.telegram.org/bot8776444908:AAFgY8ckqIkGpRKKYRxgnlrcysthlv9OXTM/getUpdates "HTTP/1.1 200 OK"
2026-04-17 04:09:54,068 - httpx - INFO - HTTP Request: POST https://api.telegram.org/bot8776444908:AAFgY8ckqIkGpRKKYRxgnlrcysthlv9OXTM/getUpdates "HTTP/1.1 200 OK"
2026-04-17 04:10:04,206 - httpx - INFO - HTTP Request: POST https://api.telegram.org/bot8776444908:AAFgY8ckqIkGpRKKYRxgnlrcysthlv9OXTM/getUpdates "HTTP/1.1 200 OK"
2026-04-17 04:10:14,445 - httpx - INFO - HTTP Request: POST https://api.telegram.org/bot8776444908:AAFgY8ckqIkGpRKKYRxgnlrcysthlv9OXTM/getUpdates "HTTP/1.1 200 OK"
2026-04-17 04:10:24,687 - httpx - INFO - HTTP Request: POST https://api.telegram.org/bot8776444908:AAFgY8ckqIkGpRKKYRxgnlrcysthlv9OXTM/getUpdates "HTTP/1.1 200 OK"
2026-04-17 04:10:34,824 - httpx - INFO - HTTP Request: POST https://api.telegram.org/bot8776444908:AAFgY8ckqIkGpRKKYRxgnlrcysthlv9OXTM/getUpdates "HTTP/1.1 200 OK"
2026-04-17 04:10:44,980 - httpx - INFO - HTTP Request: POST https://api.telegram.org/bot8776444908:AAFgY8ckqIkGpRKKYRxgnlrcysthlv9OXTM/getUpdates "HTTP/1.1 200 OK"
2026-04-17 04:10:55,113 - httpx - INFO - HTTP Request: POST https://api.telegram.org/bot8776444908:AAFgY8ckqIkGpRKKYRxgnlrcysthlv9OXTM/getUpdates "HTTP/1.1 200 OK"
2026-04-17 04:11:05,273 - httpx - INFO - HTTP Request: POST https://api.telegram.org/bot8776444908:AAFgY8ckqIkGpRKKYRxgnlrcysthlv9OXTM/getUpdates "HTTP/1.1 200 OK"
2026-04-17 04:11:15,400 - httpx - INFO - HTTP Request: POST https://api.telegram.org/bot8776444908:AAFgY8ckqIkGpRKKYRxgnlrcysthlv9OXTM/getUpdates "HTTP/1.1 200 OK"
2026-04-17 04:11:25,527 - httpx - INFO - HTTP Request: POST https://api.telegram.org/bot8776444908:AAFgY8ckqIkGpRKKYRxgnlrcysthlv9OXTM/getUpdates "HTTP/1.1 200 OK"
2026-04-17 04:11:35,751 - httpx - INFO - HTTP Request: POST https://api.telegram.org/bot8776444908:AAFgY8ckqIkGpRKKYRxgnlrcysthlv9OXTM/getUpdates "HTTP/1.1 200 OK"
2026-04-17 04:11:45,895 - httpx - INFO - HTTP Request: POST https://api.telegram.org/bot8776444908:AAFgY8ckqIkGpRKKYRxgnlrcysthlv9OXTM/getUpdates "HTTP/1.1 200 OK"
2026-04-17 04:11:56,038 - httpx - INFO - HTTP Request: POST https://api.telegram.org/bot8776444908:AAFgY8ckqIkGpRKKYRxgnlrcysthlv9OXTM/getUpdates "HTTP/1.1 200 OK"
2026-04-17 04:12:06,196 - httpx - INFO - HTTP Request: POST https://api.telegram.org/bot8776444908:AAFgY8ckqIkGpRKKYRxgnlrcysthlv9OXTM/getUpdates "HTTP/1.1 200 OK"
2026-04-17 04:12:16,321 - httpx - INFO - HTTP Request: POST https://api.telegram.org/bot8776444908:AAFgY8ckqIkGpRKKYRxgnlrcysthlv9OXTM/getUpdates "HTTP/1.1 200 OK"
2026-04-17 04:12:26,528 - httpx - INFO - HTTP Request: POST https://api.telegram.org/bot8776444908:AAFgY8ckqIkGpRKKYRxgnlrcysthlv9OXTM/getUpdates "HTTP/1.1 200 OK"
2026-04-17 04:12:36,680 - httpx - INFO - HTTP Request: POST https://api.telegram.org/bot8776444908:AAFgY8ckqIkGpRKKYRxgnlrcysthlv9OXTM/getUpdates "HTTP/1.1 200 OK"
2026-04-17 04:12:46,831 - httpx - INFO - HTTP Request: POST https://api.telegram.org/bot8776444908:AAFgY8ckqIkGpRKKYRxgnlrcysthlv9OXTM/getUpdates "HTTP/1.1 200 OK"
2026-04-17 04:12:56,995 - httpx - INFO - HTTP Request: POST https://api.telegram.org/bot8776444908:AAFgY8ckqIkGpRKKYRxgnlrcysthlv9OXTM/getUpdates "HTTP/1.1 200 OK"
2026-04-17 04:13:07,121 - httpx - INFO - HTTP Request: POST https://api.telegram.org/bot8776444908:AAFgY8ckqIkGpRKKYRxgnlrcysthlv9OXTM/getUpdates "HTTP/1.1 200 OK"
2026-04-17 04:13:17,275 - httpx - INFO - HTTP Request: POST https://api.telegram.org/bot8776444908:AAFgY8ckqIkGpRKKYRxgnlrcysthlv9OXTM/getUpdates "HTTP/1.1 200 OK"
2026-04-17 04:13:27,402 - httpx - INFO - HTTP Request: POST https://api.telegram.org/bot8776444908:AAFgY8ckqIkGpRKKYRxgnlrcysthlv9OXTM/getUpdates "HTTP/1.1 200 OK"
2026-04-17 04:13:37,531 - httpx - INFO - HTTP Request: POST https://api.telegram.org/bot8776444908:AAFgY8ckqIkGpRKKYRxgnlrcysthlv9OXTM/getUpdates "HTTP/1.1 200 OK"
2026-04-17 04:13:47,661 - httpx - INFO - HTTP Request: POST https://api.telegram.org/bot8776444908:AAFgY8ckqIkGpRKKYRxgnlrcysthlv9OXTM/getUpdates "HTTP/1.1 200 OK"
2026-04-17 04:13:57,878 - httpx - INFO - HTTP Request: POST https://api.telegram.org/bot8776444908:AAFgY8ckqIkGpRKKYRxgnlrcysthlv9OXTM/getUpdates "HTTP/1.1 200 OK"
2026-04-17 04:14:08,015 - httpx - INFO - HTTP Request: POST https://api.telegram.org/bot8776444908:AAFgY8ckqIkGpRKKYRxgnlrcysthlv9OXTM/getUpdates "HTTP/1.1 200 OK"
2026-04-17 04:14:18,142 - httpx - INFO - HTTP Request: POST https://api.telegram.org/bot8776444908:AAFgY8ckqIkGpRKKYRxgnlrcysthlv9OXTM/getUpdates "HTTP/1.1 200 OK"
2026-04-17 04:14:28,291 - httpx - INFO - HTTP Request: POST https://api.telegram.org/bot8776444908:AAFgY8ckqIkGpRKKYRxgnlrcysthlv9OXTM/getUpdates "HTTP/1.1 200 OK"
2026-04-17 04:14:38,527 - httpx - INFO - HTTP Request: POST https://api.telegram.org/bot8776444908:AAFgY8ckqIkGpRKKYRxgnlrcysthlv9OXTM/getUpdates "HTTP/1.1 200 OK"
2026-04-17 04:14:48,668 - httpx - INFO - HTTP Request: POST https://api.telegram.org/bot8776444908:AAFgY8ckqIkGpRKKYRxgnlrcysthlv9OXTM/getUpdates "HTTP/1.1 200 OK"
2026-04-17 04:14:58,805 - httpx - INFO - HTTP Request: POST https://api.telegram.org/bot8776444908:AAFgY8ckqIkGpRKKYRxgnlrcysthlv9OXTM/getUpdates "HTTP/1.1 200 OK"
2026-04-17 04:15:08,941 - httpx - INFO - HTTP Request: POST https://api.telegram.org/bot8776444908:AAFgY8ckqIkGpRKKYRxgnlrcysthlv9OXTM/getUpdates "HTTP/1.1 200 OK"
2026-04-17 04:15:19,083 - httpx - INFO - HTTP Request: POST https://api.telegram.org/bot8776444908:AAFgY8ckqIkGpRKKYRxgnlrcysthlv9OXTM/getUpdates "HTTP/1.1 200 OK"
2026-04-17 04:15:29,215 - httpx - INFO - HTTP Request: POST https://api.telegram.org/bot8776444908:AAFgY8ckqIkGpRKKYRxgnlrcysthlv9OXTM/getUpdates "HTTP/1.1 200 OK"
2026-04-17 04:15:39,341 - httpx - INFO - HTTP Request: POST https://api.telegram.org/bot8776444908:AAFgY8ckqIkGpRKKYRxgnlrcysthlv9OXTM/getUpdates "HTTP/1.1 200 OK"
2026-04-17 04:15:49,468 - httpx - INFO - HTTP Request: POST https://api.telegram.org/bot8776444908:AAFgY8ckqIkGpRKKYRxgnlrcysthlv9OXTM/getUpdates "HTTP/1.1 200 OK"
2026-04-17 04:15:59,601 - httpx - INFO - HTTP Request: POST https://api.telegram.org/bot8776444908:AAFgY8ckqIkGpRKKYRxgnlrcysthlv9OXTM/getUpdates "HTTP/1.1 200 OK"
2026-04-17 04:16:09,766 - httpx - INFO - HTTP Request: POST https://api.telegram.org/bot8776444908:AAFgY8ckqIkGpRKKYRxgnlrcysthlv9OXTM/getUpdates "HTTP/1.1 200 OK"
2026-04-17 04:16:19,893 - httpx - INFO - HTTP Request: POST https://api.telegram.org/bot8776444908:AAFgY8ckqIkGpRKKYRxgnlrcysthlv9OXTM/getUpdates "HTTP/1.1 200 OK"
2026-04-17 04:16:30,022 - httpx - INFO - HTTP Request: POST https://api.telegram.org/bot8776444908:AAFgY8ckqIkGpRKKYRxgnlrcysthlv9OXTM/getUpdates "HTTP/1.1 200 OK"
2026-04-17 04:16:40,178 - httpx - INFO - HTTP Request: POST https://api.telegram.org/bot8776444908:AAFgY8ckqIkGpRKKYRxgnlrcysthlv9OXTM/getUpdates "HTTP/1.1 200 OK"
2026-04-17 04:16:50,319 - httpx - INFO - HTTP Request: POST https://api.telegram.org/bot8776444908:AAFgY8ckqIkGpRKKYRxgnlrcysthlv9OXTM/getUpdates "HTTP/1.1 200 OK"
2026-04-17 04:17:00,452 - httpx - INFO - HTTP Request: POST https://api.telegram.org/bot8776444908:AAFgY8ckqIkGpRKKYRxgnlrcysthlv9OXTM/getUpdates "HTTP/1.1 200 OK"
2026-04-17 04:17:10,590 - httpx - INFO - HTTP Request: POST https://api.telegram.org/bot8776444908:AAFgY8ckqIkGpRKKYRxgnlrcysthlv9OXTM/getUpdates "HTTP/1.1 200 OK"
2026-04-17 04:17:20,728 - httpx - INFO - HTTP Request: POST https://api.telegram.org/bot8776444908:AAFgY8ckqIkGpRKKYRxgnlrcysthlv9OXTM/getUpdates "HTTP/1.1 200 OK"
2026-04-17 04:17:30,855 - httpx - INFO - HTTP Request: POST https://api.telegram.org/bot8776444908:AAFgY8ckqIkGpRKKYRxgnlrcysthlv9OXTM/getUpdates "HTTP/1.1 200 OK"
2026-04-17 04:17:41,004 - httpx - INFO - HTTP Request: POST https://api.telegram.org/bot8776444908:AAFgY8ckqIkGpRKKYRxgnlrcysthlv9OXTM/getUpdates "HTTP/1.1 200 OK"
2026-04-17 04:17:51,140 - httpx - INFO - HTTP Request: POST https://api.telegram.org/bot8776444908:AAFgY8ckqIkGpRKKYRxgnlrcysthlv9OXTM/getUpdates "HTTP/1.1 200 OK"
2026-04-17 04:18:01,278 - httpx - INFO - HTTP Request: POST https://api.telegram.org/bot8776444908:AAFgY8ckqIkGpRKKYRxgnlrcysthlv9OXTM/getUpdates "HTTP/1.1 200 OK"
2026-04-17 04:18:11,417 - httpx - INFO - HTTP Request: POST https://api.telegram.org/bot8776444908:AAFgY8ckqIkGpRKKYRxgnlrcysthlv9OXTM/getUpdates "HTTP/1.1 200 OK"
2026-04-17 04:18:21,655 - httpx - INFO - HTTP Request: POST https://api.telegram.org/bot8776444908:AAFgY8ckqIkGpRKKYRxgnlrcysthlv9OXTM/getUpdates "HTTP/1.1 200 OK"
2026-04-17 04:18:31,792 - httpx - INFO - HTTP Request: POST https://api.telegram.org/bot8776444908:AAFgY8ckqIkGpRKKYRxgnlrcysthlv9OXTM/getUpdates "HTTP/1.1 200 OK"
2026-04-17 04:18:41,926 - httpx - INFO - HTTP Request: POST https://api.telegram.org/bot8776444908:AAFgY8ckqIkGpRKKYRxgnlrcysthlv9OXTM/getUpdates "HTTP/1.1 200 OK"
2026-04-17 04:18:52,169 - httpx - INFO - HTTP Request: POST https://api.telegram.org/bot8776444908:AAFgY8ckqIkGpRKKYRxgnlrcysthlv9OXTM/getUpdates "HTTP/1.1 200 OK"
2026-04-17 04:19:02,322 - httpx - INFO - HTTP Request: POST https://api.telegram.org/bot8776444908:AAFgY8ckqIkGpRKKYRxgnlrcysthlv9OXTM/getUpdates "HTTP/1.1 200 OK"
2026-04-17 04:19:12,452 - httpx - INFO - HTTP Request: POST https://api.telegram.org/bot8776444908:AAFgY8ckqIkGpRKKYRxgnlrcysthlv9OXTM/getUpdates "HTTP/1.1 200 OK"
2026-04-17 04:19:22,583 - httpx - INFO - HTTP Request: POST https://api.telegram.org/bot8776444908:AAFgY8ckqIkGpRKKYRxgnlrcysthlv9OXTM/getUpdates "HTTP/1.1 200 OK"
2026-04-17 04:19:32,757 - httpx - INFO - HTTP Request: POST https://api.telegram.org/bot8776444908:AAFgY8ckqIkGpRKKYRxgnlrcysthlv9OXTM/getUpdates "HTTP/1.1 200 OK"
2026-04-17 04:19:42,885 - httpx - INFO - HTTP Request: POST https://api.telegram.org/bot8776444908:AAFgY8ckqIkGpRKKYRxgnlrcysthlv9OXTM/getUpdates "HTTP/1.1 200 OK"
2026-04-17 04:19:53,014 - httpx - INFO - HTTP Request: POST https://api.telegram.org/bot8776444908:AAFgY8ckqIkGpRKKYRxgnlrcysthlv9OXTM/getUpdates "HTTP/1.1 200 OK"
2026-04-17 04:20:03,255 - httpx - INFO - HTTP Request: POST https://api.telegram.org/bot8776444908:AAFgY8ckqIkGpRKKYRxgnlrcysthlv9OXTM/getUpdates "HTTP/1.1 200 OK"
2026-04-17 04:20:13,474 - httpx - INFO - HTTP Request: POST https://api.telegram.org/bot8776444908:AAFgY8ckqIkGpRKKYRxgnlrcysthlv9OXTM/getUpdates "HTTP/1.1 200 OK"
2026-04-17 04:20:23,616 - httpx - INFO - HTTP Request: POST https://api.telegram.org/bot8776444908:AAFgY8ckqIkGpRKKYRxgnlrcysthlv9OXTM/getUpdates "HTTP/1.1 200 OK"
2026-04-17 04:20:33,776 - httpx - INFO - HTTP Request: POST https://api.telegram.org/bot8776444908:AAFgY8ckqIkGpRKKYRxgnlrcysthlv9OXTM/getUpdates "HTTP/1.1 200 OK"
2026-04-17 04:20:43,904 - httpx - INFO - HTTP Request: POST https://api.telegram.org/bot8776444908:AAFgY8ckqIkGpRKKYRxgnlrcysthlv9OXTM/getUpdates "HTTP/1.1 200 OK"
2026-04-17 04:20:54,463 - httpx - INFO - HTTP Request: POST https://api.telegram.org/bot8776444908:AAFgY8ckqIkGpRKKYRxgnlrcysthlv9OXTM/getUpdates "HTTP/1.1 200 OK"
2026-04-17 04:21:04,677 - httpx - INFO - HTTP Request: POST https://api.telegram.org/bot8776444908:AAFgY8ckqIkGpRKKYRxgnlrcysthlv9OXTM/getUpdates "HTTP/1.1 200 OK"
2026-04-17 04:21:14,817 - httpx - INFO - HTTP Request: POST https://api.telegram.org/bot8776444908:AAFgY8ckqIkGpRKKYRxgnlrcysthlv9OXTM/getUpdates "HTTP/1.1 200 OK"
2026-04-17 04:21:25,037 - httpx - INFO - HTTP Request: POST https://api.telegram.org/bot8776444908:AAFgY8ckqIkGpRKKYRxgnlrcysthlv9OXTM/getUpdates "HTTP/1.1 200 OK"
2026-04-17 04:21:35,200 - httpx - INFO - HTTP Request: POST https://api.telegram.org/bot8776444908:AAFgY8ckqIkGpRKKYRxgnlrcysthlv9OXTM/getUpdates "HTTP/1.1 200 OK"
2026-04-17 04:21:45,329 - httpx - INFO - HTTP Request: POST https://api.telegram.org/bot8776444908:AAFgY8ckqIkGpRKKYRxgnlrcysthlv9OXTM/getUpdates "HTTP/1.1 200 OK"
2026-04-17 04:21:55,518 - httpx - INFO - HTTP Request: POST https://api.telegram.org/bot8776444908:AAFgY8ckqIkGpRKKYRxgnlrcysthlv9OXTM/getUpdates "HTTP/1.1 200 OK"
2026-04-17 04:22:05,660 - httpx - INFO - HTTP Request: POST https://api.telegram.org/bot8776444908:AAFgY8ckqIkGpRKKYRxgnlrcysthlv9OXTM/getUpdates "HTTP/1.1 200 OK"
2026-04-17 04:22:15,840 - httpx - INFO - HTTP Request: POST https://api.telegram.org/bot8776444908:AAFgY8ckqIkGpRKKYRxgnlrcysthlv9OXTM/getUpdates "HTTP/1.1 200 OK"
2026-04-17 04:22:26,080 - httpx - INFO - HTTP Request: POST https://api.telegram.org/bot8776444908:AAFgY8ckqIkGpRKKYRxgnlrcysthlv9OXTM/getUpdates "HTTP/1.1 200 OK"
2026-04-17 04:22:36,480 - httpx - INFO - HTTP Request: POST https://api.telegram.org/bot8776444908:AAFgY8ckqIkGpRKKYRxgnlrcysthlv9OXTM/getUpdates "HTTP/1.1 200 OK"
2026-04-17 04:22:46,612 - httpx - INFO - HTTP Request: POST https://api.telegram.org/bot8776444908:AAFgY8ckqIkGpRKKYRxgnlrcysthlv9OXTM/getUpdates "HTTP/1.1 200 OK"
2026-04-17 04:22:56,800 - httpx - INFO - HTTP Request: POST https://api.telegram.org/bot8776444908:AAFgY8ckqIkGpRKKYRxgnlrcysthlv9OXTM/getUpdates "HTTP/1.1 200 OK"
2026-04-17 04:23:06,938 - httpx - INFO - HTTP Request: POST https://api.telegram.org/bot8776444908:AAFgY8ckqIkGpRKKYRxgnlrcysthlv9OXTM/getUpdates "HTTP/1.1 200 OK"
2026-04-17 04:23:17,087 - httpx - INFO - HTTP Request: POST https://api.telegram.org/bot8776444908:AAFgY8ckqIkGpRKKYRxgnlrcysthlv9OXTM/getUpdates "HTTP/1.1 200 OK"
2026-04-17 04:23:27,247 - httpx - INFO - HTTP Request: POST https://api.telegram.org/bot8776444908:AAFgY8ckqIkGpRKKYRxgnlrcysthlv9OXTM/getUpdates "HTTP/1.1 200 OK"
2026-04-17 04:23:37,377 - httpx - INFO - HTTP Request: POST https://api.telegram.org/bot8776444908:AAFgY8ckqIkGpRKKYRxgnlrcysthlv9OXTM/getUpdates "HTTP/1.1 200 OK"
2026-04-17 04:23:47,515 - httpx - INFO - HTTP Request: POST https://api.telegram.org/bot8776444908:AAFgY8ckqIkGpRKKYRxgnlrcysthlv9OXTM/getUpdates "HTTP/1.1 200 OK"
2026-04-17 04:23:57,668 - httpx - INFO - HTTP Request: POST https://api.telegram.org/bot8776444908:AAFgY8ckqIkGpRKKYRxgnlrcysthlv9OXTM/getUpdates "HTTP/1.1 200 OK"
2026-04-17 04:24:07,861 - httpx - INFO - HTTP Request: POST https://api.telegram.org/bot8776444908:AAFgY8ckqIkGpRKKYRxgnlrcysthlv9OXTM/getUpdates "HTTP/1.1 200 OK"
2026-04-17 04:24:18,013 - httpx - INFO - HTTP Request: POST https://api.telegram.org/bot8776444908:AAFgY8ckqIkGpRKKYRxgnlrcysthlv9OXTM/getUpdates "HTTP/1.1 200 OK"
2026-04-17 04:24:28,242 - httpx - INFO - HTTP Request: POST https://api.telegram.org/bot8776444908:AAFgY8ckqIkGpRKKYRxgnlrcysthlv9OXTM/getUpdates "HTTP/1.1 200 OK"
2026-04-17 04:24:39,134 - httpx - INFO - HTTP Request: POST https://api.telegram.org/bot8776444908:AAFgY8ckqIkGpRKKYRxgnlrcysthlv9OXTM/getUpdates "HTTP/1.1 200 OK"
2026-04-17 04:24:49,299 - httpx - INFO - HTTP Request: POST https://api.telegram.org/bot8776444908:AAFgY8ckqIkGpRKKYRxgnlrcysthlv9OXTM/getUpdates "HTTP/1.1 200 OK"
2026-04-17 04:24:59,474 - httpx - INFO - HTTP Request: POST https://api.telegram.org/bot8776444908:AAFgY8ckqIkGpRKKYRxgnlrcysthlv9OXTM/getUpdates "HTTP/1.1 200 OK"
2026-04-17 04:25:09,620 - httpx - INFO - HTTP Request: POST https://api.telegram.org/bot8776444908:AAFgY8ckqIkGpRKKYRxgnlrcysthlv9OXTM/getUpdates "HTTP/1.1 200 OK"
2026-04-17 04:25:19,956 - httpx - INFO - HTTP Request: POST https://api.telegram.org/bot8776444908:AAFgY8ckqIkGpRKKYRxgnlrcysthlv9OXTM/getUpdates "HTTP/1.1 200 OK"
2026-04-17 04:25:30,092 - httpx - INFO - HTTP Request: POST https://api.telegram.org/bot8776444908:AAFgY8ckqIkGpRKKYRxgnlrcysthlv9OXTM/getUpdates "HTTP/1.1 200 OK"
2026-04-17 04:25:40,337 - httpx - INFO - HTTP Request: POST https://api.telegram.org/bot8776444908:AAFgY8ckqIkGpRKKYRxgnlrcysthlv9OXTM/getUpdates "HTTP/1.1 200 OK"
2026-04-17 04:25:50,464 - httpx - INFO - HTTP Request: POST https://api.telegram.org/bot8776444908:AAFgY8ckqIkGpRKKYRxgnlrcysthlv9OXTM/getUpdates "HTTP/1.1 200 OK"
2026-04-17 04:26:00,599 - httpx - INFO - HTTP Request: POST https://api.telegram.org/bot8776444908:AAFgY8ckqIkGpRKKYRxgnlrcysthlv9OXTM/getUpdates "HTTP/1.1 200 OK"
2026-04-17 04:26:10,744 - httpx - INFO - HTTP Request: POST https://api.telegram.org/bot8776444908:AAFgY8ckqIkGpRKKYRxgnlrcysthlv9OXTM/getUpdates "HTTP/1.1 200 OK"
2026-04-17 04:26:20,882 - httpx - INFO - HTTP Request: POST https://api.telegram.org/bot8776444908:AAFgY8ckqIkGpRKKYRxgnlrcysthlv9OXTM/getUpdates "HTTP/1.1 200 OK"
2026-04-17 04:26:31,039 - httpx - INFO - HTTP Request: POST https://api.telegram.org/bot8776444908:AAFgY8ckqIkGpRKKYRxgnlrcysthlv9OXTM/getUpdates "HTTP/1.1 200 OK"
2026-04-17 04:26:35,841 - httpx - INFO - HTTP Request: POST https://api.telegram.org/bot8776444908:AAFgY8ckqIkGpRKKYRxgnlrcysthlv9OXTM/getUpdates "HTTP/1.1 200 OK"
2026-04-17 04:26:35,859 - src.handlers.order_handler - INFO - Handling text input: 'https://gentle-fenglisu-545823.netlify.app/' from user 5092483247
2026-04-17 04:26:36,449 - httpx - INFO - HTTP Request: POST https://api.telegram.org/bot8776444908:AAFgY8ckqIkGpRKKYRxgnlrcysthlv9OXTM/sendMessage "HTTP/1.1 200 OK"
2026-04-17 04:26:46,073 - httpx - INFO - HTTP Request: POST https://api.telegram.org/bot8776444908:AAFgY8ckqIkGpRKKYRxgnlrcysthlv9OXTM/getUpdates "HTTP/1.1 200 OK"
2026-04-17 04:26:56,313 - httpx - INFO - HTTP Request: POST https://api.telegram.org/bot8776444908:AAFgY8ckqIkGpRKKYRxgnlrcysthlv9OXTM/getUpdates "HTTP/1.1 200 OK"
2026-04-17 04:27:06,451 - httpx - INFO - HTTP Request: POST https://api.telegram.org/bot8776444908:AAFgY8ckqIkGpRKKYRxgnlrcysthlv9OXTM/getUpdates "HTTP/1.1 200 OK"
2026-04-17 04:27:16,610 - httpx - INFO - HTTP Request: POST https://api.telegram.org/bot8776444908:AAFgY8ckqIkGpRKKYRxgnlrcysthlv9OXTM/getUpdates "HTTP/1.1 200 OK"
2026-04-17 04:27:26,772 - httpx - INFO - HTTP Request: POST https://api.telegram.org/bot8776444908:AAFgY8ckqIkGpRKKYRxgnlrcysthlv9OXTM/getUpdates "HTTP/1.1 200 OK"
2026-04-17 04:27:36,934 - httpx - INFO - HTTP Request: POST https://api.telegram.org/bot8776444908:AAFgY8ckqIkGpRKKYRxgnlrcysthlv9OXTM/getUpdates "HTTP/1.1 200 OK"
2026-04-17 04:27:47,066 - httpx - INFO - HTTP Request: POST https://api.telegram.org/bot8776444908:AAFgY8ckqIkGpRKKYRxgnlrcysthlv9OXTM/getUpdates "HTTP/1.1 200 OK"
2026-04-17 04:27:57,240 - httpx - INFO - HTTP Request: POST https://api.telegram.org/bot8776444908:AAFgY8ckqIkGpRKKYRxgnlrcysthlv9OXTM/getUpdates "HTTP/1.1 200 OK"
2026-04-17 04:28:07,381 - httpx - INFO - HTTP Request: POST https://api.telegram.org/bot8776444908:AAFgY8ckqIkGpRKKYRxgnlrcysthlv9OXTM/getUpdates "HTTP/1.1 200 OK"
2026-04-17 04:28:17,615 - httpx - INFO - HTTP Request: POST https://api.telegram.org/bot8776444908:AAFgY8ckqIkGpRKKYRxgnlrcysthlv9OXTM/getUpdates "HTTP/1.1 200 OK"
2026-04-17 04:28:27,742 - httpx - INFO - HTTP Request: POST https://api.telegram.org/bot8776444908:AAFgY8ckqIkGpRKKYRxgnlrcysthlv9OXTM/getUpdates "HTTP/1.1 200 OK"
2026-04-17 04:28:37,917 - httpx - INFO - HTTP Request: POST https://api.telegram.org/bot8776444908:AAFgY8ckqIkGpRKKYRxgnlrcysthlv9OXTM/getUpdates "HTTP/1.1 200 OK"
2026-04-17 04:28:48,062 - httpx - INFO - HTTP Request: POST https://api.telegram.org/bot8776444908:AAFgY8ckqIkGpRKKYRxgnlrcysthlv9OXTM/getUpdates "HTTP/1.1 200 OK"
2026-04-17 04:28:58,239 - httpx - INFO - HTTP Request: POST https://api.telegram.org/bot8776444908:AAFgY8ckqIkGpRKKYRxgnlrcysthlv9OXTM/getUpdates "HTTP/1.1 200 OK"
2026-04-17 04:29:08,474 - httpx - INFO - HTTP Request: POST https://api.telegram.org/bot8776444908:AAFgY8ckqIkGpRKKYRxgnlrcysthlv9OXTM/getUpdates "HTTP/1.1 200 OK"
2026-04-17 04:29:18,680 - httpx - INFO - HTTP Request: POST https://api.telegram.org/bot8776444908:AAFgY8ckqIkGpRKKYRxgnlrcysthlv9OXTM/getUpdates "HTTP/1.1 200 OK"
2026-04-17 04:29:19,297 - telegram.ext.Application - INFO - Application is stopping. This might take a moment.
2026-04-17 04:29:19,297 - telegram.ext.Application - INFO - Application.stop() complete
